Jared is great
Emmy is greater
Kozzie
Winnie
jared
emmy
Winnie
kozzie
Berkeley
school
Emmy owns the world
Jared is 33
Winnie is 4
kozzie is 8
http://kozzieskitchen.com
Jared is great
Emmy is greater
Kozzie
winnie
jared
emmy
winnie
kozzie
Berkeley
school
Emmy owns the world
Jared is 33
winnie is 4
kozzie is 8
http://kozzieskitchen.com
sed: can't read g: No such file or directory
Jared is great
Emmy is greater
Kozzie
Winnie
jared
emmy
winnie
kozzie
Berkeley
school
Emmy owns the world
Jared is 33
Winnie is 4
kozzie is 8
www.kozzieskitchen.com
